#! /usr/bin/vvp
:ivl_version "0.9.7 " "(v0_9_7)";
:vpi_time_precision + 0;
:vpi_module "system";
:vpi_module "v2005_math";
:vpi_module "va_math";
S_0x17a3730 .scope module, "environment" "environment" 2 2;
 .timescale 0 0;
v0x17ea970_0 .var "a", 0 0;
v0x17eaa10_0 .var "b", 0 0;
v0x17eaac0_0 .net "b1", 0 0, v0x17ea6a0_0; 1 drivers
v0x17eab70_0 .net "b2", 0 0, v0x17ea740_0; 1 drivers
v0x17eac50_0 .net "b3", 0 0, v0x17ea7f0_0; 1 drivers
v0x17ead00_0 .net "b4", 0 0, v0x17ea890_0; 1 drivers
v0x17eadc0_0 .var "dummy", 0 0;
S_0x17a3820 .scope module, "dec1" "decoder" 2 7, 3 12, S_0x17a3730;
 .timescale 0 0;
v0x17da3d0_0 .net "I1", 0 0, v0x17ea970_0; 1 drivers
v0x17ea600_0 .net "I2", 0 0, v0x17eaa10_0; 1 drivers
v0x17ea6a0_0 .var "O1", 0 0;
v0x17ea740_0 .var "O2", 0 0;
v0x17ea7f0_0 .var "O3", 0 0;
v0x17ea890_0 .var "O4", 0 0;
E_0x17b6690 .event edge, v0x17ea600_0, v0x17da3d0_0;
    .scope S_0x17a3820;
T_0 ;
    %wait E_0x17b6690;
    %set/v v0x17ea6a0_0, 0, 1;
    %set/v v0x17ea740_0, 0, 1;
    %set/v v0x17ea7f0_0, 0, 1;
    %set/v v0x17ea890_0, 0, 1;
    %load/v 8, v0x17da3d0_0, 1;
    %cmpi/u 8, 0, 1;
    %mov 8, 4, 1;
    %load/v 9, v0x17ea600_0, 1;
    %and 8, 9, 1;
    %jmp/0xz  T_0.0, 8;
    %set/v v0x17ea7f0_0, 1, 1;
T_0.0 ;
    %load/v 8, v0x17da3d0_0, 1;
    %load/v 9, v0x17ea600_0, 1;
    %cmpi/u 9, 0, 1;
    %mov 9, 4, 1;
    %and 8, 9, 1;
    %jmp/0xz  T_0.2, 8;
    %set/v v0x17ea740_0, 1, 1;
T_0.2 ;
    %load/v 8, v0x17da3d0_0, 1;
    %load/v 9, v0x17ea600_0, 1;
    %and 8, 9, 1;
    %jmp/0xz  T_0.4, 8;
    %set/v v0x17ea6a0_0, 1, 1;
T_0.4 ;
    %load/v 8, v0x17da3d0_0, 1;
    %cmpi/u 8, 0, 1;
    %mov 8, 4, 1;
    %load/v 9, v0x17ea600_0, 1;
    %cmpi/u 9, 0, 1;
    %mov 9, 4, 1;
    %and 8, 9, 1;
    %jmp/0xz  T_0.6, 8;
    %set/v v0x17ea890_0, 1, 1;
T_0.6 ;
    %jmp T_0;
    .thread T_0, $push;
    .scope S_0x17a3730;
T_1 ;
    %vpi_func 2 9 "$value$plusargs", 8, 32, "a=%b", v0x17ea970_0;
    %set/v v0x17eadc0_0, 8, 1;
    %vpi_func 2 10 "$value$plusargs", 8, 32, "b=%b", v0x17eaa10_0;
    %set/v v0x17eadc0_0, 8, 1;
    %delay 1, 0;
    %vpi_call 2 12 "$display", "Output: %b | %b | %b | %b ", v0x17eaac0_0, v0x17eab70_0, v0x17eac50_0, v0x17ead00_0;
    %vpi_call 2 14 "$finish";
    %end;
    .thread T_1;
# The file index is used to find the file name in the following table.
:file_names 4;
    "N/A";
    "<interactive>";
    "environment.v";
    "./decoder.v";
