#! /usr/bin/vvp
:ivl_version "0.9.7 " "(v0_9_7)";
:vpi_time_precision + 0;
:vpi_module "system";
:vpi_module "v2005_math";
:vpi_module "va_math";
S_0x99f730 .scope module, "ej5TestBench" "ej5TestBench" 2 3;
 .timescale 0 0;
v0x9e64b0_0 .net "Digit0", 3 0, v0x9e62c0_0; 1 drivers
v0x9e6580_0 .net "Digit1", 3 0, v0x9e6360_0; 1 drivers
v0x9e6630_0 .var "Num1", 3 0;
v0x9e66e0_0 .var "Num2", 3 0;
v0x9e67c0_0 .var/i "i", 31 0;
v0x9e6840_0 .var/i "j", 31 0;
S_0x99f820 .scope module, "Sumador" "bcdSum" 2 9, 3 1, S_0x99f730;
 .timescale 0 0;
v0x9d5880_0 .net "A", 3 0, v0x9e6630_0; 1 drivers
v0x9e6220_0 .net "B", 3 0, v0x9e66e0_0; 1 drivers
v0x9e62c0_0 .var "BCD0", 3 0;
v0x9e6360_0 .var "BCD1", 3 0;
v0x9e6410_0 .var "C", 7 0;
E_0x99efa0 .event edge, v0x9e6220_0, v0x9d5880_0;
    .scope S_0x99f820;
T_0 ;
    %wait E_0x99efa0;
    %load/v 8, v0x9d5880_0, 4;
    %mov 12, 0, 4;
    %load/v 16, v0x9e6220_0, 4;
    %mov 20, 0, 4;
    %add 8, 16, 8;
    %set/v v0x9e6410_0, 8, 8;
    %set/v v0x9e6360_0, 0, 4;
    %movi 8, 9, 9;
    %load/v 17, v0x9e6410_0, 8;
    %mov 25, 0, 1;
    %cmp/u 8, 17, 9;
    %jmp/0xz  T_0.0, 5;
    %load/v 8, v0x9e6410_0, 8;
    %mov 16, 0, 24;
    %subi 8, 10, 32;
    %set/v v0x9e6410_0, 8, 8;
    %movi 8, 1, 4;
    %set/v v0x9e6360_0, 8, 4;
T_0.0 ;
    %load/v 8, v0x9e6410_0, 8;
    %set/v v0x9e62c0_0, 8, 4;
    %jmp T_0;
    .thread T_0, $push;
    .scope S_0x99f730;
T_1 ;
    %set/v v0x9e67c0_0, 0, 32;
T_1.0 ;
    %load/v 8, v0x9e67c0_0, 32;
   %cmpi/s 8, 10, 32;
    %jmp/0xz T_1.1, 5;
    %set/v v0x9e6840_0, 0, 32;
T_1.2 ;
    %load/v 8, v0x9e6840_0, 32;
   %cmpi/s 8, 10, 32;
    %jmp/0xz T_1.3, 5;
    %load/v 8, v0x9e67c0_0, 32;
    %set/v v0x9e6630_0, 8, 4;
    %load/v 8, v0x9e6840_0, 32;
    %set/v v0x9e66e0_0, 8, 4;
    %delay 1, 0;
    %vpi_call 2 17 "$display", "%d + %d =  %d %d", v0x9e67c0_0, v0x9e6840_0, v0x9e6580_0, v0x9e64b0_0;
    %ix/load 0, 1, 0;
    %load/vp0/s 8, v0x9e6840_0, 32;
    %set/v v0x9e6840_0, 8, 32;
    %jmp T_1.2;
T_1.3 ;
    %ix/load 0, 1, 0;
    %load/vp0/s 8, v0x9e67c0_0, 32;
    %set/v v0x9e67c0_0, 8, 32;
    %jmp T_1.0;
T_1.1 ;
    %vpi_call 2 28 "$finish";
    %end;
    .thread T_1;
# The file index is used to find the file name in the following table.
:file_names 4;
    "N/A";
    "<interactive>";
    "ej5TestBench.v";
    "./bcdSum.v";
