#! /usr/bin/vvp
:ivl_version "0.9.7 " "(v0_9_7)";
:vpi_time_precision + 0;
:vpi_module "system";
:vpi_module "v2005_math";
:vpi_module "va_math";
S_0x1168880 .scope module, "my_or_tst" "my_or_tst" 2 69;
 .timescale 0 0;
v0x1178c50_0 .var "A", 3 0;
v0x1178d20_0 .var "B", 3 0;
v0x1178dd0_0 .net "CCR", 3 0, v0x1178b00_0; 1 drivers
v0x1178e80_0 .net "R", 3 0, v0x1178ba0_0; 1 drivers
v0x1178f60_0 .var "dummy", 0 0;
S_0x1168970 .scope module, "tst_my_or" "my_or" 2 76, 2 27, S_0x1168880;
 .timescale 0 0;
P_0x1144828 .param/l "c_mask" 2 30, C4<1000>;
P_0x1144850 .param/l "n_mask" 2 30, C4<0010>;
P_0x1144878 .param/l "op_size" 2 29, +C4<0100>;
P_0x11448a0 .param/l "v_mask" 2 30, C4<0100>;
P_0x11448c8 .param/l "z_mask" 2 30, C4<0001>;
v0x1144960_0 .net "A", 3 0, v0x1178c50_0; 1 drivers
v0x1178a60_0 .net "B", 3 0, v0x1178d20_0; 1 drivers
v0x1178b00_0 .var "CCR", 3 0;
v0x1178ba0_0 .var "R", 3 0;
E_0x1142420 .event edge, v0x1178a60_0, v0x1144960_0;
    .scope S_0x1168970;
T_0 ;
    %wait E_0x1142420;
    %load/v 8, v0x1144960_0, 4;
    %load/v 12, v0x1178a60_0, 4;
    %or 8, 12, 4;
    %set/v v0x1178ba0_0, 8, 4;
    %delay 1, 0;
    %ix/load 1, 3, 0;
    %mov 4, 0, 1;
    %jmp/1 T_0.0, 4;
    %load/x1p 8, v0x1178ba0_0, 1;
    %jmp T_0.1;
T_0.0 ;
    %mov 8, 2, 1;
T_0.1 ;
; Save base=8 wid=1 in lookaside.
    %jmp/0xz  T_0.2, 8;
    %load/v 8, v0x1178b00_0, 4;
    %movi 12, 2, 4;
    %or 8, 12, 4;
    %ix/load 0, 4, 0;
    %assign/v0 v0x1178b00_0, 0, 8;
    %jmp T_0.3;
T_0.2 ;
    %load/v 8, v0x1178b00_0, 4;
   %andi 8, 13, 4;
    %ix/load 0, 4, 0;
    %assign/v0 v0x1178b00_0, 0, 8;
T_0.3 ;
    %delay 1, 0;
    %load/v 8, v0x1178ba0_0, 4;
    %nor/r 8, 8, 4;
    %jmp/0xz  T_0.4, 8;
    %load/v 8, v0x1178b00_0, 4;
    %movi 12, 1, 4;
    %or 8, 12, 4;
    %ix/load 0, 4, 0;
    %assign/v0 v0x1178b00_0, 0, 8;
    %jmp T_0.5;
T_0.4 ;
    %load/v 8, v0x1178b00_0, 4;
   %andi 8, 14, 4;
    %ix/load 0, 4, 0;
    %assign/v0 v0x1178b00_0, 0, 8;
T_0.5 ;
    %jmp T_0;
    .thread T_0, $push;
    .scope S_0x1168880;
T_1 ;
    %vpi_func 2 78 "$value$plusargs", 8, 32, "A=%d", v0x1178c50_0;
    %set/v v0x1178f60_0, 8, 1;
    %vpi_func 2 79 "$value$plusargs", 8, 32, "B=%d", v0x1178d20_0;
    %set/v v0x1178f60_0, 8, 1;
    %delay 5, 0;
    %vpi_call 2 81 "$display", "  A=%b", v0x1178c50_0;
    %vpi_call 2 82 "$display", "  B=%b", v0x1178d20_0;
    %vpi_call 2 83 "$display", "A|B=%b", v0x1178e80_0;
    %vpi_call 2 84 "$display", "CVNZ";
    %vpi_call 2 85 "$display", "%b", v0x1178dd0_0;
    %vpi_call 2 87 "$finish";
    %end;
    .thread T_1;
# The file index is used to find the file name in the following table.
:file_names 3;
    "N/A";
    "<interactive>";
    "my_or.v";
