#! /usr/bin/vvp
:ivl_version "0.9.7 " "(v0_9_7)";
:vpi_time_precision + 0;
:vpi_module "system";
:vpi_module "v2005_math";
:vpi_module "va_math";
S_0x117eec0 .scope module, "shl_tst" "shl_tst" 2 87;
 .timescale 0 0;
v0x118f700_0 .var "A", 3 0;
v0x118f7d0_0 .net "CCR", 3 0, v0x118f5c0_0; 1 drivers
v0x118f880_0 .net "R", 3 0, v0x118f660_0; 1 drivers
v0x118f930_0 .var "dummy", 0 0;
S_0x117efb0 .scope module, "tst_shl" "shl" 2 94, 2 29, S_0x117eec0;
 .timescale 0 0;
P_0x116a368 .param/l "c_mask" 2 32, C4<1000>;
P_0x116a390 .param/l "n_mask" 2 32, C4<0010>;
P_0x116a3b8 .param/l "op_size" 2 31, +C4<0100>;
P_0x116a3e0 .param/l "v_mask" 2 32, C4<0100>;
P_0x116a408 .param/l "z_mask" 2 32, C4<0001>;
v0x116a490_0 .net "A", 3 0, v0x118f700_0; 1 drivers
v0x118f5c0_0 .var "CCR", 3 0;
v0x118f660_0 .var "R", 3 0;
E_0x116a440 .event edge, v0x116a490_0;
    .scope S_0x117efb0;
T_0 ;
    %wait E_0x116a440;
    %load/v 8, v0x116a490_0, 4;
    %ix/load 0, 1, 0;
    %mov 4, 0, 1;
    %shiftl/i0  8, 4;
    %set/v v0x118f660_0, 8, 4;
    %delay 1, 0;
    %ix/load 1, 3, 0;
    %mov 4, 0, 1;
    %jmp/1 T_0.0, 4;
    %load/x1p 8, v0x116a490_0, 1;
    %jmp T_0.1;
T_0.0 ;
    %mov 8, 2, 1;
T_0.1 ;
; Save base=8 wid=1 in lookaside.
    %jmp/0xz  T_0.2, 8;
    %load/v 8, v0x118f5c0_0, 4;
    %movi 12, 8, 4;
    %or 8, 12, 4;
    %ix/load 0, 4, 0;
    %assign/v0 v0x118f5c0_0, 0, 8;
    %jmp T_0.3;
T_0.2 ;
    %load/v 8, v0x118f5c0_0, 4;
   %andi 8, 7, 4;
    %ix/load 0, 4, 0;
    %assign/v0 v0x118f5c0_0, 0, 8;
T_0.3 ;
    %delay 1, 0;
    %ix/load 1, 3, 0;
    %mov 4, 0, 1;
    %jmp/1 T_0.4, 4;
    %load/x1p 8, v0x118f660_0, 1;
    %jmp T_0.5;
T_0.4 ;
    %mov 8, 2, 1;
T_0.5 ;
; Save base=8 wid=1 in lookaside.
    %jmp/0xz  T_0.6, 8;
    %load/v 8, v0x118f5c0_0, 4;
    %movi 12, 2, 4;
    %or 8, 12, 4;
    %ix/load 0, 4, 0;
    %assign/v0 v0x118f5c0_0, 0, 8;
    %jmp T_0.7;
T_0.6 ;
    %load/v 8, v0x118f5c0_0, 4;
   %andi 8, 13, 4;
    %ix/load 0, 4, 0;
    %assign/v0 v0x118f5c0_0, 0, 8;
T_0.7 ;
    %delay 1, 0;
    %load/v 8, v0x118f5c0_0, 4;
   %andi 8, 2, 4;
    %cmpi/u 8, 0, 4;
    %inv 4, 1;
    %mov 8, 4, 1;
    %load/v 9, v0x118f5c0_0, 4;
   %andi 9, 8, 4;
    %nor/r 9, 9, 4;
    %and 8, 9, 1;
    %load/v 9, v0x118f5c0_0, 4;
   %andi 9, 2, 4;
    %nor/r 9, 9, 4;
    %load/v 10, v0x118f5c0_0, 4;
   %andi 10, 8, 4;
    %cmpi/u 10, 0, 4;
    %inv 4, 1;
    %mov 10, 4, 1;
    %and 9, 10, 1;
    %or 8, 9, 1;
    %jmp/0xz  T_0.8, 8;
    %load/v 8, v0x118f5c0_0, 4;
    %movi 12, 4, 4;
    %or 8, 12, 4;
    %ix/load 0, 4, 0;
    %assign/v0 v0x118f5c0_0, 0, 8;
    %jmp T_0.9;
T_0.8 ;
    %load/v 8, v0x118f5c0_0, 4;
   %andi 8, 11, 4;
    %ix/load 0, 4, 0;
    %assign/v0 v0x118f5c0_0, 0, 8;
T_0.9 ;
    %delay 1, 0;
    %load/v 8, v0x118f660_0, 4;
    %nor/r 8, 8, 4;
    %jmp/0xz  T_0.10, 8;
    %load/v 8, v0x118f5c0_0, 4;
    %movi 12, 1, 4;
    %or 8, 12, 4;
    %ix/load 0, 4, 0;
    %assign/v0 v0x118f5c0_0, 0, 8;
    %jmp T_0.11;
T_0.10 ;
    %load/v 8, v0x118f5c0_0, 4;
   %andi 8, 14, 4;
    %ix/load 0, 4, 0;
    %assign/v0 v0x118f5c0_0, 0, 8;
T_0.11 ;
    %jmp T_0;
    .thread T_0, $push;
    .scope S_0x117eec0;
T_1 ;
    %vpi_func 2 96 "$value$plusargs", 8, 32, "A=%d", v0x118f700_0;
    %set/v v0x118f930_0, 8, 1;
    %delay 5, 0;
    %vpi_call 2 98 "$display", "   A=%b", v0x118f700_0;
    %vpi_call 2 99 "$display", "A<<1=%b", v0x118f880_0;
    %vpi_call 2 100 "$display", "CVNZ";
    %vpi_call 2 101 "$display", "%b", v0x118f7d0_0;
    %vpi_call 2 103 "$finish";
    %end;
    .thread T_1;
# The file index is used to find the file name in the following table.
:file_names 3;
    "N/A";
    "<interactive>";
    "shl.v";
