#! /usr/bin/vvp
:ivl_version "0.9.7 " "(v0_9_7)";
:vpi_time_precision + 0;
:vpi_module "system";
:vpi_module "v2005_math";
:vpi_module "va_math";
S_0x17dad60 .scope module, "sum" "sum" 2 29;
 .timescale 0 0;
P_0x17eaea8 .param/l "c_mask" 2 32, C4<1000>;
P_0x17eaed0 .param/l "n_mask" 2 32, C4<0010>;
P_0x17eaef8 .param/l "op_size" 2 31, +C4<0100>;
P_0x17eaf20 .param/l "v_mask" 2 32, C4<0100>;
P_0x17eaf48 .param/l "z_mask" 2 32, C4<0001>;
v0x17eb070_0 .net "A", 3 0, C4<zzzz>; 0 drivers
v0x180ff80_0 .net "B", 3 0, C4<zzzz>; 0 drivers
v0x1810020_0 .var "CCR", 3 0;
v0x18100c0_0 .var "R", 3 0;
E_0x17eb020 .event edge, v0x180ff80_0, v0x17eb070_0;
    .scope S_0x17dad60;
T_0 ;
    %wait E_0x17eb020;
    %load/v 8, v0x17eb070_0, 4;
    %load/v 12, v0x180ff80_0, 4;
    %add 8, 12, 4;
    %set/v v0x18100c0_0, 8, 4;
    %delay 1, 0;
    %ix/load 1, 3, 0;
    %mov 4, 0, 1;
    %jmp/1 T_0.0, 4;
    %load/x1p 8, v0x17eb070_0, 1;
    %jmp T_0.1;
T_0.0 ;
    %mov 8, 2, 1;
T_0.1 ;
; Save base=8 wid=1 in lookaside.
    %ix/load 1, 3, 0;
    %mov 4, 0, 1;
    %jmp/1 T_0.2, 4;
    %load/x1p 9, v0x180ff80_0, 1;
    %jmp T_0.3;
T_0.2 ;
    %mov 9, 2, 1;
T_0.3 ;
; Save base=9 wid=1 in lookaside.
    %and 8, 9, 1;
    %ix/load 1, 3, 0;
    %mov 4, 0, 1;
    %jmp/1 T_0.4, 4;
    %load/x1p 9, v0x17eb070_0, 1;
    %jmp T_0.5;
T_0.4 ;
    %mov 9, 2, 1;
T_0.5 ;
; Save base=9 wid=1 in lookaside.
    %ix/load 1, 3, 0;
    %mov 4, 0, 1;
    %jmp/1 T_0.6, 4;
    %load/x1p 10, v0x18100c0_0, 1;
    %jmp T_0.7;
T_0.6 ;
    %mov 10, 2, 1;
T_0.7 ;
; Save base=10 wid=1 in lookaside.
    %inv 10, 1;
    %and 9, 10, 1;
    %or 8, 9, 1;
    %ix/load 1, 3, 0;
    %mov 4, 0, 1;
    %jmp/1 T_0.8, 4;
    %load/x1p 9, v0x180ff80_0, 1;
    %jmp T_0.9;
T_0.8 ;
    %mov 9, 2, 1;
T_0.9 ;
; Save base=9 wid=1 in lookaside.
    %ix/load 1, 3, 0;
    %mov 4, 0, 1;
    %jmp/1 T_0.10, 4;
    %load/x1p 10, v0x18100c0_0, 1;
    %jmp T_0.11;
T_0.10 ;
    %mov 10, 2, 1;
T_0.11 ;
; Save base=10 wid=1 in lookaside.
    %inv 10, 1;
    %and 9, 10, 1;
    %or 8, 9, 1;
    %jmp/0xz  T_0.12, 8;
    %load/v 8, v0x1810020_0, 4;
    %movi 12, 8, 4;
    %or 8, 12, 4;
    %ix/load 0, 4, 0;
    %assign/v0 v0x1810020_0, 0, 8;
    %jmp T_0.13;
T_0.12 ;
    %load/v 8, v0x1810020_0, 4;
   %andi 8, 7, 4;
    %ix/load 0, 4, 0;
    %assign/v0 v0x1810020_0, 0, 8;
T_0.13 ;
    %delay 1, 0;
    %ix/load 1, 3, 0;
    %mov 4, 0, 1;
    %jmp/1 T_0.14, 4;
    %load/x1p 8, v0x17eb070_0, 1;
    %jmp T_0.15;
T_0.14 ;
    %mov 8, 2, 1;
T_0.15 ;
; Save base=8 wid=1 in lookaside.
    %ix/load 1, 3, 0;
    %mov 4, 0, 1;
    %jmp/1 T_0.16, 4;
    %load/x1p 9, v0x180ff80_0, 1;
    %jmp T_0.17;
T_0.16 ;
    %mov 9, 2, 1;
T_0.17 ;
; Save base=9 wid=1 in lookaside.
    %and 8, 9, 1;
    %ix/load 1, 3, 0;
    %mov 4, 0, 1;
    %jmp/1 T_0.18, 4;
    %load/x1p 9, v0x18100c0_0, 1;
    %jmp T_0.19;
T_0.18 ;
    %mov 9, 2, 1;
T_0.19 ;
; Save base=9 wid=1 in lookaside.
    %inv 9, 1;
    %and 8, 9, 1;
    %ix/load 1, 3, 0;
    %mov 4, 0, 1;
    %jmp/1 T_0.20, 4;
    %load/x1p 9, v0x17eb070_0, 1;
    %jmp T_0.21;
T_0.20 ;
    %mov 9, 2, 1;
T_0.21 ;
; Save base=9 wid=1 in lookaside.
    %ix/load 1, 3, 0;
    %mov 4, 0, 1;
    %jmp/1 T_0.22, 4;
    %load/x1p 10, v0x180ff80_0, 1;
    %jmp T_0.23;
T_0.22 ;
    %mov 10, 2, 1;
T_0.23 ;
; Save base=10 wid=1 in lookaside.
    %and 9, 10, 1;
    %ix/load 1, 3, 0;
    %mov 4, 0, 1;
    %jmp/1 T_0.24, 4;
    %load/x1p 10, v0x18100c0_0, 1;
    %jmp T_0.25;
T_0.24 ;
    %mov 10, 2, 1;
T_0.25 ;
; Save base=10 wid=1 in lookaside.
    %inv 10, 1;
    %and 9, 10, 1;
    %or 8, 9, 1;
    %jmp/0xz  T_0.26, 8;
    %load/v 8, v0x1810020_0, 4;
    %movi 12, 4, 4;
    %or 8, 12, 4;
    %ix/load 0, 4, 0;
    %assign/v0 v0x1810020_0, 0, 8;
    %jmp T_0.27;
T_0.26 ;
    %load/v 8, v0x1810020_0, 4;
   %andi 8, 11, 4;
    %ix/load 0, 4, 0;
    %assign/v0 v0x1810020_0, 0, 8;
T_0.27 ;
    %delay 1, 0;
    %ix/load 1, 3, 0;
    %mov 4, 0, 1;
    %jmp/1 T_0.28, 4;
    %load/x1p 8, v0x18100c0_0, 1;
    %jmp T_0.29;
T_0.28 ;
    %mov 8, 2, 1;
T_0.29 ;
; Save base=8 wid=1 in lookaside.
    %jmp/0xz  T_0.30, 8;
    %load/v 8, v0x1810020_0, 4;
    %movi 12, 2, 4;
    %or 8, 12, 4;
    %ix/load 0, 4, 0;
    %assign/v0 v0x1810020_0, 0, 8;
    %jmp T_0.31;
T_0.30 ;
    %load/v 8, v0x1810020_0, 4;
   %andi 8, 13, 4;
    %ix/load 0, 4, 0;
    %assign/v0 v0x1810020_0, 0, 8;
T_0.31 ;
    %delay 1, 0;
    %load/v 8, v0x18100c0_0, 4;
    %nor/r 8, 8, 4;
    %jmp/0xz  T_0.32, 8;
    %load/v 8, v0x1810020_0, 4;
    %movi 12, 1, 4;
    %or 8, 12, 4;
    %ix/load 0, 4, 0;
    %assign/v0 v0x1810020_0, 0, 8;
    %jmp T_0.33;
T_0.32 ;
    %load/v 8, v0x1810020_0, 4;
   %andi 8, 14, 4;
    %ix/load 0, 4, 0;
    %assign/v0 v0x1810020_0, 0, 8;
T_0.33 ;
    %jmp T_0;
    .thread T_0, $push;
# The file index is used to find the file name in the following table.
:file_names 3;
    "N/A";
    "<interactive>";
    "xor.v";
